-------------------------------------------------------------------------------
Test set: demo.test.com.devopsmaniac.mania.ScreenshotTest
-------------------------------------------------------------------------------
Tests run: 1, Failures: 0, Errors: 1, Skipped: 0, Time elapsed: 0.054 s <<< FAILURE! - in demo.test.com.devopsmaniac.mania.ScreenshotTest
checkRandomSitePass(demo.test.com.devopsmaniac.mania.ScreenshotTest)  Time elapsed: 0.006 s  <<< ERROR!
java.lang.NullPointerException
	at demo.test.com.devopsmaniac.mania.ScreenshotTest.checkRandomSitePass(ScreenshotTest.java:49)

